<?xml version="1.0" encoding="UTF-8"?>
<testsuite xmlns:xsi="http://www.w3.org/2001/XMLSchema-instance" xsi:noNamespaceSchemaLocation="https://maven.apache.org/surefire/maven-surefire-plugin/xsd/surefire-test-report-3.0.xsd" version="3.0" name="application.CreateTodoListTest" time="1.667" tests="4" errors="0" skipped="0" failures="0">
  <properties>
[...]
</properties>
  <testcase name="PremiumUserCanCreateUnlimitedAmountOfTodoList" classname="application.CreateTodoListTest" time="1.586"/>
  <testcase name="UserCannotCreateTwoTodoListWithTheSameName" classname="application.CreateTodoListTest" time="0.009"/>
  <testcase name="FreeUserCanCreateAMaximumOf5TodoList" classname="application.CreateTodoListTest" time="0.006"/>
  <testcase name="UserCreateTodoListForTheFirstTime" classname="application.CreateTodoListTest" time="0.005"/>
</testsuite>